[0.040s] Invoking command in '/home/francisco/ros2_utilities_ws/build/micro_ros_msgs': CMAKE_PREFIX_PATH=${CMAKE_PREFIX_PATH}:/opt/ros/humble /usr/bin/cmake /home/francisco/ros2_utilities_ws/src/uros/micro_ros_msgs -DUAGENT_BUILD_EXECUTABLE=OFF -DUAGENT_P2P_PROFILE=OFF --no-warn-unused-cli -DCMAKE_INSTALL_PREFIX=/home/francisco/ros2_utilities_ws/install/micro_ros_msgs
[0.044s] Not searching for unused variables given on the command line.
[0.074s] -- The C compiler identification is GNU 11.4.0
[0.113s] -- The CXX compiler identification is GNU 11.4.0
[0.118s] -- Detecting C compiler ABI info
[0.161s] -- Detecting C compiler ABI info - done
[0.166s] -- Check for working C compiler: /usr/bin/cc - skipped
[0.166s] -- Detecting C compile features
[0.166s] -- Detecting C compile features - done
[0.168s] -- Detecting CXX compiler ABI info
[0.220s] -- Detecting CXX compiler ABI info - done
[0.224s] -- Check for working CXX compiler: /usr/bin/c++ - skipped
[0.225s] -- Detecting CXX compile features
[0.225s] -- Detecting CXX compile features - done
[0.226s] -- Found ament_cmake: 1.3.8 (/opt/ros/humble/share/ament_cmake/cmake)
[0.324s] -- Found Python3: /usr/bin/python3 (found version "3.10.12") found components: Interpreter 
[0.374s] -- Found rosidl_default_generators: 1.2.0 (/opt/ros/humble/share/rosidl_default_generators/cmake)
[0.375s] -- Using all available rosidl_typesupport_c: rosidl_typesupport_fastrtps_c;rosidl_typesupport_introspection_c
[0.378s] -- Found rosidl_adapter: 3.1.5 (/opt/ros/humble/share/rosidl_adapter/cmake)
[0.401s] -- Using all available rosidl_typesupport_cpp: rosidl_typesupport_fastrtps_cpp;rosidl_typesupport_introspection_cpp
[0.421s] -- Found ament_lint_auto: 0.12.10 (/opt/ros/humble/share/ament_lint_auto/cmake)
[0.578s] -- Found ament_cmake_ros: 0.10.0 (/opt/ros/humble/share/ament_cmake_ros/cmake)
[0.692s] -- Using all available rosidl_typesupport_c: rosidl_typesupport_fastrtps_c;rosidl_typesupport_introspection_c
[0.838s] -- Using all available rosidl_typesupport_cpp: rosidl_typesupport_fastrtps_cpp;rosidl_typesupport_introspection_cpp
[0.854s] -- Found PythonInterp: /usr/bin/python3 (found suitable version "3.10.12", minimum required is "3.6") 
[0.855s] -- Found python_cmake_module: 0.10.0 (/opt/ros/humble/share/python_cmake_module/cmake)
[0.870s] -- Found PythonLibs: /usr/lib/x86_64-linux-gnu/libpython3.10.so (found suitable version "3.10.12", minimum required is "3.5") 
[0.870s] -- Using PYTHON_EXECUTABLE: /usr/bin/python3
[0.870s] -- Using PYTHON_INCLUDE_DIRS: /usr/include/python3.10
[0.870s] -- Using PYTHON_LIBRARIES: /usr/lib/x86_64-linux-gnu/libpython3.10.so
[0.883s] -- Found PythonExtra: .so  
[0.905s] -- Added test 'copyright' to check source files copyright and LICENSE
[0.908s] -- Added test 'lint_cmake' to check CMake code style
[0.910s] -- Added test 'xmllint' to check XML markup files
[0.912s] -- Configuring done
[0.928s] -- Generating done
[0.929s] -- Build files have been written to: /home/francisco/ros2_utilities_ws/build/micro_ros_msgs
[0.933s] Invoked command in '/home/francisco/ros2_utilities_ws/build/micro_ros_msgs' returned '0': CMAKE_PREFIX_PATH=${CMAKE_PREFIX_PATH}:/opt/ros/humble /usr/bin/cmake /home/francisco/ros2_utilities_ws/src/uros/micro_ros_msgs -DUAGENT_BUILD_EXECUTABLE=OFF -DUAGENT_P2P_PROFILE=OFF --no-warn-unused-cli -DCMAKE_INSTALL_PREFIX=/home/francisco/ros2_utilities_ws/install/micro_ros_msgs
[0.935s] Invoking command in '/home/francisco/ros2_utilities_ws/build/micro_ros_msgs': CMAKE_PREFIX_PATH=${CMAKE_PREFIX_PATH}:/opt/ros/humble /usr/bin/cmake --build /home/francisco/ros2_utilities_ws/build/micro_ros_msgs -- -j8 -l8
[0.960s] [  2%] [34m[1mGenerating C code for ROS interfaces[0m
[0.966s] [  4%] [34m[1mGenerating C++ code for ROS interfaces[0m
[0.971s] [  4%] Built target ament_cmake_python_copy_micro_ros_msgs
[1.121s] running egg_info
[1.121s] creating micro_ros_msgs.egg-info
[1.121s] writing micro_ros_msgs.egg-info/PKG-INFO
[1.121s] writing dependency_links to micro_ros_msgs.egg-info/dependency_links.txt
[1.121s] writing top-level names to micro_ros_msgs.egg-info/top_level.txt
[1.121s] writing manifest file 'micro_ros_msgs.egg-info/SOURCES.txt'
[1.122s] reading manifest file 'micro_ros_msgs.egg-info/SOURCES.txt'
[1.123s] writing manifest file 'micro_ros_msgs.egg-info/SOURCES.txt'
[1.141s] [  4%] Built target ament_cmake_python_build_micro_ros_msgs_egg
[1.219s] [  4%] Built target micro_ros_msgs__cpp
[1.225s] [  8%] [34m[1mGenerating C++ type support for eProsima Fast-RTPS[0m
[1.225s] [  8%] [34m[1mGenerating C++ introspection for ROS interfaces[0m
[1.225s] [ 10%] [34m[1mGenerating C++ type support dispatch for ROS interfaces[0m
[1.232s] [ 17%] [32mBuilding C object CMakeFiles/micro_ros_msgs__rosidl_generator_c.dir/rosidl_generator_c/micro_ros_msgs/msg/detail/node__functions.c.o[0m
[1.232s] [ 17%] [32mBuilding C object CMakeFiles/micro_ros_msgs__rosidl_generator_c.dir/rosidl_generator_c/micro_ros_msgs/msg/detail/entity__functions.c.o[0m
[1.232s] [ 17%] [32mBuilding C object CMakeFiles/micro_ros_msgs__rosidl_generator_c.dir/rosidl_generator_c/micro_ros_msgs/msg/detail/graph__functions.c.o[0m
[1.278s] [ 19%] [32m[1mLinking C shared library libmicro_ros_msgs__rosidl_generator_c.so[0m
[1.301s] [ 19%] Built target micro_ros_msgs__rosidl_generator_c
[1.308s] [ 21%] [34m[1mGenerating C type support for eProsima Fast-RTPS[0m
[1.310s] [ 23%] [34m[1mGenerating C introspection for ROS interfaces[0m
[1.310s] [ 25%] [34m[1mGenerating C type support dispatch for ROS interfaces[0m
[1.479s] [ 29%] [32mBuilding CXX object CMakeFiles/micro_ros_msgs__rosidl_typesupport_introspection_cpp.dir/rosidl_typesupport_introspection_cpp/micro_ros_msgs/msg/detail/entity__type_support.cpp.o[0m
[1.480s] [ 29%] [32mBuilding CXX object CMakeFiles/micro_ros_msgs__rosidl_typesupport_introspection_cpp.dir/rosidl_typesupport_introspection_cpp/micro_ros_msgs/msg/detail/graph__type_support.cpp.o[0m
[1.480s] [ 31%] [32mBuilding CXX object CMakeFiles/micro_ros_msgs__rosidl_typesupport_introspection_cpp.dir/rosidl_typesupport_introspection_cpp/micro_ros_msgs/msg/detail/node__type_support.cpp.o[0m
[1.547s] [ 34%] [32mBuilding CXX object CMakeFiles/micro_ros_msgs__rosidl_typesupport_fastrtps_cpp.dir/rosidl_typesupport_fastrtps_cpp/micro_ros_msgs/msg/detail/dds_fastrtps/graph__type_support.cpp.o[0m
[1.582s] [ 36%] [32mBuilding CXX object CMakeFiles/micro_ros_msgs__rosidl_typesupport_cpp.dir/rosidl_typesupport_cpp/micro_ros_msgs/msg/graph__type_support.cpp.o[0m
[1.702s] [ 38%] [32mBuilding CXX object CMakeFiles/micro_ros_msgs__rosidl_typesupport_c.dir/rosidl_typesupport_c/micro_ros_msgs/msg/graph__type_support.cpp.o[0m
[1.736s] [ 40%] [32mBuilding CXX object CMakeFiles/micro_ros_msgs__rosidl_typesupport_c.dir/rosidl_typesupport_c/micro_ros_msgs/msg/node__type_support.cpp.o[0m
[1.769s] [ 42%] [32mBuilding CXX object CMakeFiles/micro_ros_msgs__rosidl_typesupport_c.dir/rosidl_typesupport_c/micro_ros_msgs/msg/entity__type_support.cpp.o[0m
[1.801s] [ 44%] [32m[1mLinking CXX shared library libmicro_ros_msgs__rosidl_typesupport_c.so[0m
[1.804s] [ 46%] [32mBuilding CXX object CMakeFiles/micro_ros_msgs__rosidl_typesupport_fastrtps_c.dir/rosidl_typesupport_fastrtps_c/micro_ros_msgs/msg/detail/graph__type_support_c.cpp.o[0m
[1.820s] [ 48%] [32mBuilding C object CMakeFiles/micro_ros_msgs__rosidl_typesupport_introspection_c.dir/rosidl_typesupport_introspection_c/micro_ros_msgs/msg/detail/graph__type_support.c.o[0m
[1.871s] [ 48%] Built target micro_ros_msgs__rosidl_typesupport_c
[1.871s] [ 51%] [32mBuilding C object CMakeFiles/micro_ros_msgs__rosidl_typesupport_introspection_c.dir/rosidl_typesupport_introspection_c/micro_ros_msgs/msg/detail/node__type_support.c.o[0m
[1.880s] [ 53%] [32mBuilding CXX object CMakeFiles/micro_ros_msgs__rosidl_typesupport_cpp.dir/rosidl_typesupport_cpp/micro_ros_msgs/msg/node__type_support.cpp.o[0m
[1.886s] [ 55%] [32mBuilding CXX object CMakeFiles/micro_ros_msgs__rosidl_typesupport_fastrtps_cpp.dir/rosidl_typesupport_fastrtps_cpp/micro_ros_msgs/msg/detail/dds_fastrtps/node__type_support.cpp.o[0m
[1.930s] [ 57%] [32mBuilding C object CMakeFiles/micro_ros_msgs__rosidl_typesupport_introspection_c.dir/rosidl_typesupport_introspection_c/micro_ros_msgs/msg/detail/entity__type_support.c.o[0m
[1.951s] [ 59%] [32mBuilding CXX object CMakeFiles/micro_ros_msgs__rosidl_typesupport_fastrtps_cpp.dir/rosidl_typesupport_fastrtps_cpp/micro_ros_msgs/msg/detail/dds_fastrtps/entity__type_support.cpp.o[0m
[1.970s] [ 61%] [32m[1mLinking C shared library libmicro_ros_msgs__rosidl_typesupport_introspection_c.so[0m
[2.004s] [ 61%] Built target micro_ros_msgs__rosidl_typesupport_introspection_c
[2.013s] [ 63%] [32mBuilding CXX object CMakeFiles/micro_ros_msgs__rosidl_typesupport_cpp.dir/rosidl_typesupport_cpp/micro_ros_msgs/msg/entity__type_support.cpp.o[0m
[2.014s] [ 65%] [32mBuilding CXX object CMakeFiles/micro_ros_msgs__rosidl_typesupport_fastrtps_c.dir/rosidl_typesupport_fastrtps_c/micro_ros_msgs/msg/detail/node__type_support_c.cpp.o[0m
[2.082s] [ 68%] [32mBuilding CXX object CMakeFiles/micro_ros_msgs__rosidl_typesupport_fastrtps_c.dir/rosidl_typesupport_fastrtps_c/micro_ros_msgs/msg/detail/entity__type_support_c.cpp.o[0m
[2.095s] [ 70%] [32m[1mLinking CXX shared library libmicro_ros_msgs__rosidl_typesupport_introspection_cpp.so[0m
[2.199s] [ 70%] Built target micro_ros_msgs__rosidl_typesupport_introspection_cpp
[2.266s] [ 72%] [32m[1mLinking CXX shared library libmicro_ros_msgs__rosidl_typesupport_cpp.so[0m
[2.295s] [ 72%] Built target micro_ros_msgs__rosidl_typesupport_cpp
[2.405s] [ 74%] [32m[1mLinking CXX shared library libmicro_ros_msgs__rosidl_typesupport_fastrtps_cpp.so[0m
[2.412s] [ 76%] [32m[1mLinking CXX shared library libmicro_ros_msgs__rosidl_typesupport_fastrtps_c.so[0m
[2.460s] [ 76%] Built target micro_ros_msgs__rosidl_typesupport_fastrtps_cpp
[2.461s] [ 76%] Built target micro_ros_msgs__rosidl_typesupport_fastrtps_c
[2.473s] [ 76%] Built target micro_ros_msgs
[2.485s] [ 78%] [34m[1mGenerating Python code for ROS interfaces[0m
[2.846s] [ 78%] Built target micro_ros_msgs__py
[2.859s] [ 85%] [32mBuilding C object CMakeFiles/micro_ros_msgs__rosidl_generator_py.dir/rosidl_generator_py/micro_ros_msgs/msg/_entity_s.c.o[0m
[2.859s] [ 85%] [32mBuilding C object CMakeFiles/micro_ros_msgs__rosidl_generator_py.dir/rosidl_generator_py/micro_ros_msgs/msg/_node_s.c.o[0m
[2.859s] [ 85%] [32mBuilding C object CMakeFiles/micro_ros_msgs__rosidl_generator_py.dir/rosidl_generator_py/micro_ros_msgs/msg/_graph_s.c.o[0m
[2.928s] [ 87%] [32m[1mLinking C shared library rosidl_generator_py/micro_ros_msgs/libmicro_ros_msgs__rosidl_generator_py.so[0m
[2.954s] [ 87%] Built target micro_ros_msgs__rosidl_generator_py
[2.967s] [ 91%] [32mBuilding C object CMakeFiles/micro_ros_msgs__rosidl_typesupport_introspection_c__pyext.dir/rosidl_generator_py/micro_ros_msgs/_micro_ros_msgs_s.ep.rosidl_typesupport_introspection_c.c.o[0m
[2.967s] [ 91%] [32mBuilding C object CMakeFiles/micro_ros_msgs__rosidl_typesupport_c__pyext.dir/rosidl_generator_py/micro_ros_msgs/_micro_ros_msgs_s.ep.rosidl_typesupport_c.c.o[0m
[2.968s] [ 93%] [32mBuilding C object CMakeFiles/micro_ros_msgs__rosidl_typesupport_fastrtps_c__pyext.dir/rosidl_generator_py/micro_ros_msgs/_micro_ros_msgs_s.ep.rosidl_typesupport_fastrtps_c.c.o[0m
[3.029s] [ 95%] [32m[1mLinking C shared library rosidl_generator_py/micro_ros_msgs/micro_ros_msgs_s__rosidl_typesupport_c.cpython-310-x86_64-linux-gnu.so[0m
[3.032s] [ 97%] [32m[1mLinking C shared library rosidl_generator_py/micro_ros_msgs/micro_ros_msgs_s__rosidl_typesupport_fastrtps_c.cpython-310-x86_64-linux-gnu.so[0m
[3.033s] [100%] [32m[1mLinking C shared library rosidl_generator_py/micro_ros_msgs/micro_ros_msgs_s__rosidl_typesupport_introspection_c.cpython-310-x86_64-linux-gnu.so[0m
[3.052s] [100%] Built target micro_ros_msgs__rosidl_typesupport_c__pyext
[3.055s] [100%] Built target micro_ros_msgs__rosidl_typesupport_fastrtps_c__pyext
[3.055s] [100%] Built target micro_ros_msgs__rosidl_typesupport_introspection_c__pyext
[3.063s] Invoked command in '/home/francisco/ros2_utilities_ws/build/micro_ros_msgs' returned '0': CMAKE_PREFIX_PATH=${CMAKE_PREFIX_PATH}:/opt/ros/humble /usr/bin/cmake --build /home/francisco/ros2_utilities_ws/build/micro_ros_msgs -- -j8 -l8
[3.126s] Invoking command in '/home/francisco/ros2_utilities_ws/build/micro_ros_msgs': CMAKE_PREFIX_PATH=${CMAKE_PREFIX_PATH}:/opt/ros/humble /usr/bin/cmake --install /home/francisco/ros2_utilities_ws/build/micro_ros_msgs
[3.131s] -- Install configuration: ""
[3.131s] -- Installing: /home/francisco/ros2_utilities_ws/install/micro_ros_msgs/share/ament_index/resource_index/rosidl_interfaces/micro_ros_msgs
[3.131s] -- Installing: /home/francisco/ros2_utilities_ws/install/micro_ros_msgs/include/micro_ros_msgs/micro_ros_msgs
[3.131s] -- Installing: /home/francisco/ros2_utilities_ws/install/micro_ros_msgs/include/micro_ros_msgs/micro_ros_msgs/msg
[3.131s] -- Installing: /home/francisco/ros2_utilities_ws/install/micro_ros_msgs/include/micro_ros_msgs/micro_ros_msgs/msg/detail
[3.131s] -- Installing: /home/francisco/ros2_utilities_ws/install/micro_ros_msgs/include/micro_ros_msgs/micro_ros_msgs/msg/detail/graph__struct.h
[3.131s] -- Installing: /home/francisco/ros2_utilities_ws/install/micro_ros_msgs/include/micro_ros_msgs/micro_ros_msgs/msg/detail/node__type_support.h
[3.131s] -- Installing: /home/francisco/ros2_utilities_ws/install/micro_ros_msgs/include/micro_ros_msgs/micro_ros_msgs/msg/detail/graph__functions.c
[3.131s] -- Installing: /home/francisco/ros2_utilities_ws/install/micro_ros_msgs/include/micro_ros_msgs/micro_ros_msgs/msg/detail/node__functions.c
[3.131s] -- Installing: /home/francisco/ros2_utilities_ws/install/micro_ros_msgs/include/micro_ros_msgs/micro_ros_msgs/msg/detail/graph__functions.h
[3.132s] -- Installing: /home/francisco/ros2_utilities_ws/install/micro_ros_msgs/include/micro_ros_msgs/micro_ros_msgs/msg/detail/entity__functions.h
[3.132s] -- Installing: /home/francisco/ros2_utilities_ws/install/micro_ros_msgs/include/micro_ros_msgs/micro_ros_msgs/msg/detail/node__struct.h
[3.132s] -- Installing: /home/francisco/ros2_utilities_ws/install/micro_ros_msgs/include/micro_ros_msgs/micro_ros_msgs/msg/detail/entity__struct.h
[3.132s] -- Installing: /home/francisco/ros2_utilities_ws/install/micro_ros_msgs/include/micro_ros_msgs/micro_ros_msgs/msg/detail/graph__type_support.h
[3.132s] -- Installing: /home/francisco/ros2_utilities_ws/install/micro_ros_msgs/include/micro_ros_msgs/micro_ros_msgs/msg/detail/entity__functions.c
[3.132s] -- Installing: /home/francisco/ros2_utilities_ws/install/micro_ros_msgs/include/micro_ros_msgs/micro_ros_msgs/msg/detail/node__functions.h
[3.132s] -- Installing: /home/francisco/ros2_utilities_ws/install/micro_ros_msgs/include/micro_ros_msgs/micro_ros_msgs/msg/detail/entity__type_support.h
[3.132s] -- Installing: /home/francisco/ros2_utilities_ws/install/micro_ros_msgs/include/micro_ros_msgs/micro_ros_msgs/msg/graph.h
[3.132s] -- Installing: /home/francisco/ros2_utilities_ws/install/micro_ros_msgs/include/micro_ros_msgs/micro_ros_msgs/msg/rosidl_generator_c__visibility_control.h
[3.132s] -- Installing: /home/francisco/ros2_utilities_ws/install/micro_ros_msgs/include/micro_ros_msgs/micro_ros_msgs/msg/entity.h
[3.132s] -- Installing: /home/francisco/ros2_utilities_ws/install/micro_ros_msgs/include/micro_ros_msgs/micro_ros_msgs/msg/node.h
[3.132s] -- Installing: /home/francisco/ros2_utilities_ws/install/micro_ros_msgs/share/micro_ros_msgs/environment/library_path.sh
[3.132s] -- Installing: /home/francisco/ros2_utilities_ws/install/micro_ros_msgs/share/micro_ros_msgs/environment/library_path.dsv
[3.132s] -- Installing: /home/francisco/ros2_utilities_ws/install/micro_ros_msgs/lib/libmicro_ros_msgs__rosidl_generator_c.so
[3.132s] -- Set runtime path of "/home/francisco/ros2_utilities_ws/install/micro_ros_msgs/lib/libmicro_ros_msgs__rosidl_generator_c.so" to ""
[3.132s] -- Up-to-date: /home/francisco/ros2_utilities_ws/install/micro_ros_msgs/include/micro_ros_msgs/micro_ros_msgs
[3.133s] -- Up-to-date: /home/francisco/ros2_utilities_ws/install/micro_ros_msgs/include/micro_ros_msgs/micro_ros_msgs/msg
[3.133s] -- Up-to-date: /home/francisco/ros2_utilities_ws/install/micro_ros_msgs/include/micro_ros_msgs/micro_ros_msgs/msg/detail
[3.133s] -- Installing: /home/francisco/ros2_utilities_ws/install/micro_ros_msgs/include/micro_ros_msgs/micro_ros_msgs/msg/detail/graph__rosidl_typesupport_fastrtps_c.h
[3.133s] -- Installing: /home/francisco/ros2_utilities_ws/install/micro_ros_msgs/include/micro_ros_msgs/micro_ros_msgs/msg/detail/node__rosidl_typesupport_fastrtps_c.h
[3.133s] -- Installing: /home/francisco/ros2_utilities_ws/install/micro_ros_msgs/include/micro_ros_msgs/micro_ros_msgs/msg/detail/entity__rosidl_typesupport_fastrtps_c.h
[3.133s] -- Installing: /home/francisco/ros2_utilities_ws/install/micro_ros_msgs/include/micro_ros_msgs/micro_ros_msgs/msg/rosidl_typesupport_fastrtps_c__visibility_control.h
[3.133s] -- Installing: /home/francisco/ros2_utilities_ws/install/micro_ros_msgs/lib/libmicro_ros_msgs__rosidl_typesupport_fastrtps_c.so
[3.133s] -- Set runtime path of "/home/francisco/ros2_utilities_ws/install/micro_ros_msgs/lib/libmicro_ros_msgs__rosidl_typesupport_fastrtps_c.so" to ""
[3.133s] -- Up-to-date: /home/francisco/ros2_utilities_ws/install/micro_ros_msgs/include/micro_ros_msgs/micro_ros_msgs
[3.133s] -- Up-to-date: /home/francisco/ros2_utilities_ws/install/micro_ros_msgs/include/micro_ros_msgs/micro_ros_msgs/msg
[3.133s] -- Up-to-date: /home/francisco/ros2_utilities_ws/install/micro_ros_msgs/include/micro_ros_msgs/micro_ros_msgs/msg/detail
[3.133s] -- Installing: /home/francisco/ros2_utilities_ws/install/micro_ros_msgs/include/micro_ros_msgs/micro_ros_msgs/msg/detail/entity__rosidl_typesupport_introspection_c.h
[3.133s] -- Installing: /home/francisco/ros2_utilities_ws/install/micro_ros_msgs/include/micro_ros_msgs/micro_ros_msgs/msg/detail/graph__type_support.c
[3.133s] -- Installing: /home/francisco/ros2_utilities_ws/install/micro_ros_msgs/include/micro_ros_msgs/micro_ros_msgs/msg/detail/graph__rosidl_typesupport_introspection_c.h
[3.133s] -- Installing: /home/francisco/ros2_utilities_ws/install/micro_ros_msgs/include/micro_ros_msgs/micro_ros_msgs/msg/detail/node__rosidl_typesupport_introspection_c.h
[3.133s] -- Installing: /home/francisco/ros2_utilities_ws/install/micro_ros_msgs/include/micro_ros_msgs/micro_ros_msgs/msg/detail/entity__type_support.c
[3.133s] -- Installing: /home/francisco/ros2_utilities_ws/install/micro_ros_msgs/include/micro_ros_msgs/micro_ros_msgs/msg/detail/node__type_support.c
[3.133s] -- Installing: /home/francisco/ros2_utilities_ws/install/micro_ros_msgs/include/micro_ros_msgs/micro_ros_msgs/msg/rosidl_typesupport_introspection_c__visibility_control.h
[3.133s] -- Installing: /home/francisco/ros2_utilities_ws/install/micro_ros_msgs/lib/libmicro_ros_msgs__rosidl_typesupport_introspection_c.so
[3.134s] -- Set runtime path of "/home/francisco/ros2_utilities_ws/install/micro_ros_msgs/lib/libmicro_ros_msgs__rosidl_typesupport_introspection_c.so" to ""
[3.134s] -- Installing: /home/francisco/ros2_utilities_ws/install/micro_ros_msgs/lib/libmicro_ros_msgs__rosidl_typesupport_c.so
[3.134s] -- Set runtime path of "/home/francisco/ros2_utilities_ws/install/micro_ros_msgs/lib/libmicro_ros_msgs__rosidl_typesupport_c.so" to ""
[3.134s] -- Up-to-date: /home/francisco/ros2_utilities_ws/install/micro_ros_msgs/include/micro_ros_msgs/micro_ros_msgs
[3.134s] -- Up-to-date: /home/francisco/ros2_utilities_ws/install/micro_ros_msgs/include/micro_ros_msgs/micro_ros_msgs/msg
[3.134s] -- Up-to-date: /home/francisco/ros2_utilities_ws/install/micro_ros_msgs/include/micro_ros_msgs/micro_ros_msgs/msg/detail
[3.134s] -- Installing: /home/francisco/ros2_utilities_ws/install/micro_ros_msgs/include/micro_ros_msgs/micro_ros_msgs/msg/detail/node__traits.hpp
[3.134s] -- Installing: /home/francisco/ros2_utilities_ws/install/micro_ros_msgs/include/micro_ros_msgs/micro_ros_msgs/msg/detail/entity__struct.hpp
[3.134s] -- Installing: /home/francisco/ros2_utilities_ws/install/micro_ros_msgs/include/micro_ros_msgs/micro_ros_msgs/msg/detail/entity__builder.hpp
[3.134s] -- Installing: /home/francisco/ros2_utilities_ws/install/micro_ros_msgs/include/micro_ros_msgs/micro_ros_msgs/msg/detail/node__builder.hpp
[3.134s] -- Installing: /home/francisco/ros2_utilities_ws/install/micro_ros_msgs/include/micro_ros_msgs/micro_ros_msgs/msg/detail/graph__traits.hpp
[3.135s] -- Installing: /home/francisco/ros2_utilities_ws/install/micro_ros_msgs/include/micro_ros_msgs/micro_ros_msgs/msg/detail/graph__struct.hpp
[3.135s] -- Installing: /home/francisco/ros2_utilities_ws/install/micro_ros_msgs/include/micro_ros_msgs/micro_ros_msgs/msg/detail/entity__traits.hpp
[3.135s] -- Installing: /home/francisco/ros2_utilities_ws/install/micro_ros_msgs/include/micro_ros_msgs/micro_ros_msgs/msg/detail/node__struct.hpp
[3.135s] -- Installing: /home/francisco/ros2_utilities_ws/install/micro_ros_msgs/include/micro_ros_msgs/micro_ros_msgs/msg/detail/graph__builder.hpp
[3.135s] -- Installing: /home/francisco/ros2_utilities_ws/install/micro_ros_msgs/include/micro_ros_msgs/micro_ros_msgs/msg/graph.hpp
[3.135s] -- Installing: /home/francisco/ros2_utilities_ws/install/micro_ros_msgs/include/micro_ros_msgs/micro_ros_msgs/msg/entity.hpp
[3.135s] -- Installing: /home/francisco/ros2_utilities_ws/install/micro_ros_msgs/include/micro_ros_msgs/micro_ros_msgs/msg/node.hpp
[3.135s] -- Up-to-date: /home/francisco/ros2_utilities_ws/install/micro_ros_msgs/include/micro_ros_msgs/micro_ros_msgs
[3.135s] -- Up-to-date: /home/francisco/ros2_utilities_ws/install/micro_ros_msgs/include/micro_ros_msgs/micro_ros_msgs/msg
[3.135s] -- Up-to-date: /home/francisco/ros2_utilities_ws/install/micro_ros_msgs/include/micro_ros_msgs/micro_ros_msgs/msg/detail
[3.135s] -- Installing: /home/francisco/ros2_utilities_ws/install/micro_ros_msgs/include/micro_ros_msgs/micro_ros_msgs/msg/detail/entity__rosidl_typesupport_fastrtps_cpp.hpp
[3.136s] -- Installing: /home/francisco/ros2_utilities_ws/install/micro_ros_msgs/include/micro_ros_msgs/micro_ros_msgs/msg/detail/graph__rosidl_typesupport_fastrtps_cpp.hpp
[3.136s] -- Installing: /home/francisco/ros2_utilities_ws/install/micro_ros_msgs/include/micro_ros_msgs/micro_ros_msgs/msg/detail/dds_fastrtps
[3.136s] -- Installing: /home/francisco/ros2_utilities_ws/install/micro_ros_msgs/include/micro_ros_msgs/micro_ros_msgs/msg/detail/node__rosidl_typesupport_fastrtps_cpp.hpp
[3.136s] -- Installing: /home/francisco/ros2_utilities_ws/install/micro_ros_msgs/include/micro_ros_msgs/micro_ros_msgs/msg/rosidl_typesupport_fastrtps_cpp__visibility_control.h
[3.136s] -- Installing: /home/francisco/ros2_utilities_ws/install/micro_ros_msgs/lib/libmicro_ros_msgs__rosidl_typesupport_fastrtps_cpp.so
[3.136s] -- Set runtime path of "/home/francisco/ros2_utilities_ws/install/micro_ros_msgs/lib/libmicro_ros_msgs__rosidl_typesupport_fastrtps_cpp.so" to ""
[3.136s] -- Up-to-date: /home/francisco/ros2_utilities_ws/install/micro_ros_msgs/include/micro_ros_msgs/micro_ros_msgs
[3.136s] -- Up-to-date: /home/francisco/ros2_utilities_ws/install/micro_ros_msgs/include/micro_ros_msgs/micro_ros_msgs/msg
[3.136s] -- Up-to-date: /home/francisco/ros2_utilities_ws/install/micro_ros_msgs/include/micro_ros_msgs/micro_ros_msgs/msg/detail
[3.136s] -- Installing: /home/francisco/ros2_utilities_ws/install/micro_ros_msgs/include/micro_ros_msgs/micro_ros_msgs/msg/detail/node__rosidl_typesupport_introspection_cpp.hpp
[3.136s] -- Installing: /home/francisco/ros2_utilities_ws/install/micro_ros_msgs/include/micro_ros_msgs/micro_ros_msgs/msg/detail/entity__type_support.cpp
[3.136s] -- Installing: /home/francisco/ros2_utilities_ws/install/micro_ros_msgs/include/micro_ros_msgs/micro_ros_msgs/msg/detail/graph__type_support.cpp
[3.136s] -- Installing: /home/francisco/ros2_utilities_ws/install/micro_ros_msgs/include/micro_ros_msgs/micro_ros_msgs/msg/detail/node__type_support.cpp
[3.136s] -- Installing: /home/francisco/ros2_utilities_ws/install/micro_ros_msgs/include/micro_ros_msgs/micro_ros_msgs/msg/detail/graph__rosidl_typesupport_introspection_cpp.hpp
[3.136s] -- Installing: /home/francisco/ros2_utilities_ws/install/micro_ros_msgs/include/micro_ros_msgs/micro_ros_msgs/msg/detail/entity__rosidl_typesupport_introspection_cpp.hpp
[3.136s] -- Installing: /home/francisco/ros2_utilities_ws/install/micro_ros_msgs/lib/libmicro_ros_msgs__rosidl_typesupport_introspection_cpp.so
[3.136s] -- Set runtime path of "/home/francisco/ros2_utilities_ws/install/micro_ros_msgs/lib/libmicro_ros_msgs__rosidl_typesupport_introspection_cpp.so" to ""
[3.136s] -- Installing: /home/francisco/ros2_utilities_ws/install/micro_ros_msgs/lib/libmicro_ros_msgs__rosidl_typesupport_cpp.so
[3.136s] -- Set runtime path of "/home/francisco/ros2_utilities_ws/install/micro_ros_msgs/lib/libmicro_ros_msgs__rosidl_typesupport_cpp.so" to ""
[3.136s] -- Installing: /home/francisco/ros2_utilities_ws/install/micro_ros_msgs/share/micro_ros_msgs/environment/pythonpath.sh
[3.136s] -- Installing: /home/francisco/ros2_utilities_ws/install/micro_ros_msgs/share/micro_ros_msgs/environment/pythonpath.dsv
[3.136s] -- Installing: /home/francisco/ros2_utilities_ws/install/micro_ros_msgs/local/lib/python3.10/dist-packages/micro_ros_msgs-3.0.1-py3.10.egg-info
[3.137s] -- Installing: /home/francisco/ros2_utilities_ws/install/micro_ros_msgs/local/lib/python3.10/dist-packages/micro_ros_msgs-3.0.1-py3.10.egg-info/SOURCES.txt
[3.137s] -- Installing: /home/francisco/ros2_utilities_ws/install/micro_ros_msgs/local/lib/python3.10/dist-packages/micro_ros_msgs-3.0.1-py3.10.egg-info/PKG-INFO
[3.137s] -- Installing: /home/francisco/ros2_utilities_ws/install/micro_ros_msgs/local/lib/python3.10/dist-packages/micro_ros_msgs-3.0.1-py3.10.egg-info/top_level.txt
[3.137s] -- Installing: /home/francisco/ros2_utilities_ws/install/micro_ros_msgs/local/lib/python3.10/dist-packages/micro_ros_msgs-3.0.1-py3.10.egg-info/dependency_links.txt
[3.137s] -- Installing: /home/francisco/ros2_utilities_ws/install/micro_ros_msgs/local/lib/python3.10/dist-packages/micro_ros_msgs
[3.137s] -- Installing: /home/francisco/ros2_utilities_ws/install/micro_ros_msgs/local/lib/python3.10/dist-packages/micro_ros_msgs/micro_ros_msgs_s__rosidl_typesupport_introspection_c.cpython-310-x86_64-linux-gnu.so
[3.137s] -- Installing: /home/francisco/ros2_utilities_ws/install/micro_ros_msgs/local/lib/python3.10/dist-packages/micro_ros_msgs/msg
[3.137s] -- Installing: /home/francisco/ros2_utilities_ws/install/micro_ros_msgs/local/lib/python3.10/dist-packages/micro_ros_msgs/msg/_entity.py
[3.137s] -- Installing: /home/francisco/ros2_utilities_ws/install/micro_ros_msgs/local/lib/python3.10/dist-packages/micro_ros_msgs/msg/_graph_s.c
[3.137s] -- Installing: /home/francisco/ros2_utilities_ws/install/micro_ros_msgs/local/lib/python3.10/dist-packages/micro_ros_msgs/msg/_node_s.c
[3.137s] -- Installing: /home/francisco/ros2_utilities_ws/install/micro_ros_msgs/local/lib/python3.10/dist-packages/micro_ros_msgs/msg/_graph.py
[3.137s] -- Installing: /home/francisco/ros2_utilities_ws/install/micro_ros_msgs/local/lib/python3.10/dist-packages/micro_ros_msgs/msg/_entity_s.c
[3.137s] -- Installing: /home/francisco/ros2_utilities_ws/install/micro_ros_msgs/local/lib/python3.10/dist-packages/micro_ros_msgs/msg/__init__.py
[3.137s] -- Installing: /home/francisco/ros2_utilities_ws/install/micro_ros_msgs/local/lib/python3.10/dist-packages/micro_ros_msgs/msg/_node.py
[3.137s] -- Installing: /home/francisco/ros2_utilities_ws/install/micro_ros_msgs/local/lib/python3.10/dist-packages/micro_ros_msgs/_micro_ros_msgs_s.ep.rosidl_typesupport_c.c
[3.137s] -- Installing: /home/francisco/ros2_utilities_ws/install/micro_ros_msgs/local/lib/python3.10/dist-packages/micro_ros_msgs/micro_ros_msgs_s__rosidl_typesupport_c.cpython-310-x86_64-linux-gnu.so
[3.137s] -- Installing: /home/francisco/ros2_utilities_ws/install/micro_ros_msgs/local/lib/python3.10/dist-packages/micro_ros_msgs/libmicro_ros_msgs__rosidl_generator_py.so
[3.137s] -- Installing: /home/francisco/ros2_utilities_ws/install/micro_ros_msgs/local/lib/python3.10/dist-packages/micro_ros_msgs/_micro_ros_msgs_s.ep.rosidl_typesupport_fastrtps_c.c
[3.137s] -- Installing: /home/francisco/ros2_utilities_ws/install/micro_ros_msgs/local/lib/python3.10/dist-packages/micro_ros_msgs/micro_ros_msgs_s__rosidl_typesupport_fastrtps_c.cpython-310-x86_64-linux-gnu.so
[3.137s] -- Installing: /home/francisco/ros2_utilities_ws/install/micro_ros_msgs/local/lib/python3.10/dist-packages/micro_ros_msgs/_micro_ros_msgs_s.ep.rosidl_typesupport_introspection_c.c
[3.137s] -- Installing: /home/francisco/ros2_utilities_ws/install/micro_ros_msgs/local/lib/python3.10/dist-packages/micro_ros_msgs/__init__.py
[3.164s] Listing '/home/francisco/ros2_utilities_ws/install/micro_ros_msgs/local/lib/python3.10/dist-packages/micro_ros_msgs'...
[3.164s] Compiling '/home/francisco/ros2_utilities_ws/install/micro_ros_msgs/local/lib/python3.10/dist-packages/micro_ros_msgs/__init__.py'...
[3.164s] Listing '/home/francisco/ros2_utilities_ws/install/micro_ros_msgs/local/lib/python3.10/dist-packages/micro_ros_msgs/msg'...
[3.164s] Compiling '/home/francisco/ros2_utilities_ws/install/micro_ros_msgs/local/lib/python3.10/dist-packages/micro_ros_msgs/msg/__init__.py'...
[3.164s] Compiling '/home/francisco/ros2_utilities_ws/install/micro_ros_msgs/local/lib/python3.10/dist-packages/micro_ros_msgs/msg/_entity.py'...
[3.164s] Compiling '/home/francisco/ros2_utilities_ws/install/micro_ros_msgs/local/lib/python3.10/dist-packages/micro_ros_msgs/msg/_graph.py'...
[3.164s] Compiling '/home/francisco/ros2_utilities_ws/install/micro_ros_msgs/local/lib/python3.10/dist-packages/micro_ros_msgs/msg/_node.py'...
[3.167s] -- Installing: /home/francisco/ros2_utilities_ws/install/micro_ros_msgs/local/lib/python3.10/dist-packages/micro_ros_msgs/micro_ros_msgs_s__rosidl_typesupport_fastrtps_c.cpython-310-x86_64-linux-gnu.so
[3.167s] -- Set runtime path of "/home/francisco/ros2_utilities_ws/install/micro_ros_msgs/local/lib/python3.10/dist-packages/micro_ros_msgs/micro_ros_msgs_s__rosidl_typesupport_fastrtps_c.cpython-310-x86_64-linux-gnu.so" to ""
[3.167s] -- Installing: /home/francisco/ros2_utilities_ws/install/micro_ros_msgs/local/lib/python3.10/dist-packages/micro_ros_msgs/micro_ros_msgs_s__rosidl_typesupport_introspection_c.cpython-310-x86_64-linux-gnu.so
[3.168s] -- Set runtime path of "/home/francisco/ros2_utilities_ws/install/micro_ros_msgs/local/lib/python3.10/dist-packages/micro_ros_msgs/micro_ros_msgs_s__rosidl_typesupport_introspection_c.cpython-310-x86_64-linux-gnu.so" to ""
[3.168s] -- Installing: /home/francisco/ros2_utilities_ws/install/micro_ros_msgs/local/lib/python3.10/dist-packages/micro_ros_msgs/micro_ros_msgs_s__rosidl_typesupport_c.cpython-310-x86_64-linux-gnu.so
[3.168s] -- Set runtime path of "/home/francisco/ros2_utilities_ws/install/micro_ros_msgs/local/lib/python3.10/dist-packages/micro_ros_msgs/micro_ros_msgs_s__rosidl_typesupport_c.cpython-310-x86_64-linux-gnu.so" to ""
[3.168s] -- Installing: /home/francisco/ros2_utilities_ws/install/micro_ros_msgs/lib/libmicro_ros_msgs__rosidl_generator_py.so
[3.168s] -- Set runtime path of "/home/francisco/ros2_utilities_ws/install/micro_ros_msgs/lib/libmicro_ros_msgs__rosidl_generator_py.so" to ""
[3.168s] -- Installing: /home/francisco/ros2_utilities_ws/install/micro_ros_msgs/share/micro_ros_msgs/msg/Graph.idl
[3.168s] -- Installing: /home/francisco/ros2_utilities_ws/install/micro_ros_msgs/share/micro_ros_msgs/msg/Node.idl
[3.168s] -- Installing: /home/francisco/ros2_utilities_ws/install/micro_ros_msgs/share/micro_ros_msgs/msg/Entity.idl
[3.168s] -- Installing: /home/francisco/ros2_utilities_ws/install/micro_ros_msgs/share/micro_ros_msgs/msg/Graph.msg
[3.168s] -- Installing: /home/francisco/ros2_utilities_ws/install/micro_ros_msgs/share/micro_ros_msgs/msg/Node.msg
[3.168s] -- Installing: /home/francisco/ros2_utilities_ws/install/micro_ros_msgs/share/micro_ros_msgs/msg/Entity.msg
[3.168s] -- Installing: /home/francisco/ros2_utilities_ws/install/micro_ros_msgs/share/ament_index/resource_index/package_run_dependencies/micro_ros_msgs
[3.168s] -- Installing: /home/francisco/ros2_utilities_ws/install/micro_ros_msgs/share/ament_index/resource_index/parent_prefix_path/micro_ros_msgs
[3.169s] -- Installing: /home/francisco/ros2_utilities_ws/install/micro_ros_msgs/share/micro_ros_msgs/environment/ament_prefix_path.sh
[3.169s] -- Installing: /home/francisco/ros2_utilities_ws/install/micro_ros_msgs/share/micro_ros_msgs/environment/ament_prefix_path.dsv
[3.169s] -- Installing: /home/francisco/ros2_utilities_ws/install/micro_ros_msgs/share/micro_ros_msgs/environment/path.sh
[3.169s] -- Installing: /home/francisco/ros2_utilities_ws/install/micro_ros_msgs/share/micro_ros_msgs/environment/path.dsv
[3.170s] -- Installing: /home/francisco/ros2_utilities_ws/install/micro_ros_msgs/share/micro_ros_msgs/local_setup.bash
[3.170s] -- Installing: /home/francisco/ros2_utilities_ws/install/micro_ros_msgs/share/micro_ros_msgs/local_setup.sh
[3.170s] -- Installing: /home/francisco/ros2_utilities_ws/install/micro_ros_msgs/share/micro_ros_msgs/local_setup.zsh
[3.170s] -- Installing: /home/francisco/ros2_utilities_ws/install/micro_ros_msgs/share/micro_ros_msgs/local_setup.dsv
[3.170s] -- Installing: /home/francisco/ros2_utilities_ws/install/micro_ros_msgs/share/micro_ros_msgs/package.dsv
[3.170s] -- Installing: /home/francisco/ros2_utilities_ws/install/micro_ros_msgs/share/ament_index/resource_index/packages/micro_ros_msgs
[3.170s] -- Installing: /home/francisco/ros2_utilities_ws/install/micro_ros_msgs/share/micro_ros_msgs/cmake/export_micro_ros_msgs__rosidl_generator_cExport.cmake
[3.170s] -- Installing: /home/francisco/ros2_utilities_ws/install/micro_ros_msgs/share/micro_ros_msgs/cmake/export_micro_ros_msgs__rosidl_generator_cExport-noconfig.cmake
[3.170s] -- Installing: /home/francisco/ros2_utilities_ws/install/micro_ros_msgs/share/micro_ros_msgs/cmake/export_micro_ros_msgs__rosidl_typesupport_fastrtps_cExport.cmake
[3.170s] -- Installing: /home/francisco/ros2_utilities_ws/install/micro_ros_msgs/share/micro_ros_msgs/cmake/export_micro_ros_msgs__rosidl_typesupport_fastrtps_cExport-noconfig.cmake
[3.170s] -- Installing: /home/francisco/ros2_utilities_ws/install/micro_ros_msgs/share/micro_ros_msgs/cmake/micro_ros_msgs__rosidl_typesupport_introspection_cExport.cmake
[3.170s] -- Installing: /home/francisco/ros2_utilities_ws/install/micro_ros_msgs/share/micro_ros_msgs/cmake/micro_ros_msgs__rosidl_typesupport_introspection_cExport-noconfig.cmake
[3.170s] -- Installing: /home/francisco/ros2_utilities_ws/install/micro_ros_msgs/share/micro_ros_msgs/cmake/micro_ros_msgs__rosidl_typesupport_cExport.cmake
[3.170s] -- Installing: /home/francisco/ros2_utilities_ws/install/micro_ros_msgs/share/micro_ros_msgs/cmake/micro_ros_msgs__rosidl_typesupport_cExport-noconfig.cmake
[3.170s] -- Installing: /home/francisco/ros2_utilities_ws/install/micro_ros_msgs/share/micro_ros_msgs/cmake/export_micro_ros_msgs__rosidl_generator_cppExport.cmake
[3.170s] -- Installing: /home/francisco/ros2_utilities_ws/install/micro_ros_msgs/share/micro_ros_msgs/cmake/export_micro_ros_msgs__rosidl_typesupport_fastrtps_cppExport.cmake
[3.170s] -- Installing: /home/francisco/ros2_utilities_ws/install/micro_ros_msgs/share/micro_ros_msgs/cmake/export_micro_ros_msgs__rosidl_typesupport_fastrtps_cppExport-noconfig.cmake
[3.170s] -- Installing: /home/francisco/ros2_utilities_ws/install/micro_ros_msgs/share/micro_ros_msgs/cmake/micro_ros_msgs__rosidl_typesupport_introspection_cppExport.cmake
[3.171s] -- Installing: /home/francisco/ros2_utilities_ws/install/micro_ros_msgs/share/micro_ros_msgs/cmake/micro_ros_msgs__rosidl_typesupport_introspection_cppExport-noconfig.cmake
[3.171s] -- Installing: /home/francisco/ros2_utilities_ws/install/micro_ros_msgs/share/micro_ros_msgs/cmake/micro_ros_msgs__rosidl_typesupport_cppExport.cmake
[3.171s] -- Installing: /home/francisco/ros2_utilities_ws/install/micro_ros_msgs/share/micro_ros_msgs/cmake/micro_ros_msgs__rosidl_typesupport_cppExport-noconfig.cmake
[3.171s] -- Installing: /home/francisco/ros2_utilities_ws/install/micro_ros_msgs/share/micro_ros_msgs/cmake/export_micro_ros_msgs__rosidl_generator_pyExport.cmake
[3.171s] -- Installing: /home/francisco/ros2_utilities_ws/install/micro_ros_msgs/share/micro_ros_msgs/cmake/export_micro_ros_msgs__rosidl_generator_pyExport-noconfig.cmake
[3.171s] -- Installing: /home/francisco/ros2_utilities_ws/install/micro_ros_msgs/share/micro_ros_msgs/cmake/rosidl_cmake-extras.cmake
[3.171s] -- Installing: /home/francisco/ros2_utilities_ws/install/micro_ros_msgs/share/micro_ros_msgs/cmake/ament_cmake_export_include_directories-extras.cmake
[3.171s] -- Installing: /home/francisco/ros2_utilities_ws/install/micro_ros_msgs/share/micro_ros_msgs/cmake/ament_cmake_export_libraries-extras.cmake
[3.171s] -- Installing: /home/francisco/ros2_utilities_ws/install/micro_ros_msgs/share/micro_ros_msgs/cmake/ament_cmake_export_targets-extras.cmake
[3.171s] -- Installing: /home/francisco/ros2_utilities_ws/install/micro_ros_msgs/share/micro_ros_msgs/cmake/rosidl_cmake_export_typesupport_targets-extras.cmake
[3.171s] -- Installing: /home/francisco/ros2_utilities_ws/install/micro_ros_msgs/share/micro_ros_msgs/cmake/ament_cmake_export_dependencies-extras.cmake
[3.171s] -- Installing: /home/francisco/ros2_utilities_ws/install/micro_ros_msgs/share/micro_ros_msgs/cmake/rosidl_cmake_export_typesupport_libraries-extras.cmake
[3.171s] -- Installing: /home/francisco/ros2_utilities_ws/install/micro_ros_msgs/share/micro_ros_msgs/cmake/micro_ros_msgsConfig.cmake
[3.171s] -- Installing: /home/francisco/ros2_utilities_ws/install/micro_ros_msgs/share/micro_ros_msgs/cmake/micro_ros_msgsConfig-version.cmake
[3.171s] -- Installing: /home/francisco/ros2_utilities_ws/install/micro_ros_msgs/share/micro_ros_msgs/package.xml
[3.172s] Invoked command in '/home/francisco/ros2_utilities_ws/build/micro_ros_msgs' returned '0': CMAKE_PREFIX_PATH=${CMAKE_PREFIX_PATH}:/opt/ros/humble /usr/bin/cmake --install /home/francisco/ros2_utilities_ws/build/micro_ros_msgs
